<?xml version="1.0" encoding="UTF-8"?>
<testng-results ignored="0" total="1" passed="1" failed="0" skipped="0">
  <reporter-output>
  </reporter-output>
  <suite started-at="2024-09-19T09:50:38 IST" name="Suite" finished-at="2024-09-19T09:50:46 IST" duration-ms="8180">
    <groups>
    </groups>
    <test started-at="2024-09-19T09:50:38 IST" name="Test" finished-at="2024-09-19T09:50:46 IST" duration-ms="8180">
      <class name="testPackage.TestClass">
        <test-method is-config="true" signature="chromelaunch()[pri:0, instance:testPackage.TestClass@537f60bf]" started-at="2024-09-19T09:50:38 IST" name="chromelaunch" finished-at="2024-09-19T09:50:45 IST" duration-ms="7243" status="PASS">
          <reporter-output>
          </reporter-output>
        </test-method> <!-- chromelaunch -->
        <test-method signature="sendingValue()[pri:0, instance:testPackage.TestClass@537f60bf]" started-at="2024-09-19T09:50:45 IST" name="sendingValue" finished-at="2024-09-19T09:50:46 IST" duration-ms="746" status="PASS">
          <reporter-output>
          </reporter-output>
        </test-method> <!-- sendingValue -->
        <test-method is-config="true" signature="chromeCLose()[pri:0, instance:testPackage.TestClass@537f60bf]" started-at="2024-09-19T09:50:46 IST" name="chromeCLose" finished-at="2024-09-19T09:50:46 IST" duration-ms="132" status="PASS">
          <reporter-output>
          </reporter-output>
        </test-method> <!-- chromeCLose -->
      </class> <!-- testPackage.TestClass -->
    </test> <!-- Test -->
  </suite> <!-- Suite -->
</testng-results>
